Arguments: 
  C:\Program Files\nodejs\node.exe C:\Program Files (x86)\Yarn\bin\yarn.js add chai

PATH: 
  C:\WINDOWS\system32;C:\WINDOWS;C:\WINDOWS\System32\Wbem;C:\WINDOWS\System32\WindowsPowerShell\v1.0\;C:\WINDOWS\System32\OpenSSH\;C:\Program Files\Java\jdk-13\bin;C:\Program Files\nodejs\;C:\Program Files\Git\cmd;C:\xampp\php;C:\ProgramData\ComposerSetup\bin;C:\Program Files\PuTTY\;C:\Program Files (x86)\Yarn\bin\;C:\Users\DHAKAL\AppData\Local\Microsoft\WindowsApps;;C:\Users\DHAKAL\AppData\Local\Programs\Microsoft VS Code\bin;C:\Users\DHAKAL\AppData\Roaming\npm;C:\Users\DHAKAL\AppData\Roaming\Composer\vendor\bin;C:\Users\DHAKAL\AppData\Local\Yarn\bin

Yarn version: 
  1.21.1

Node version: 
  10.16.3

Platform: 
  win32 x64

Trace: 
  Error: EPERM: operation not permitted, unlink 'C:\Users\DHAKAL\OneDrive\Documents\Project\API_Project\Zippy_API_Backend\node_modules\@cnakazawa\watch\test\d'

npm manifest: 
  {
    "name": "zippy_api_backend",
    "version": "1.0.0",
    "description": "",
    "main": "index.js",
    "scripts": {
      "start": "nodemon index.js",
      "test": "jest --watchAll"
    },
    "author": "",
    "license": "ISC",
    "dependencies": {
      "axios": "^0.19.1",
      "bcryptjs": "^2.4.3",
      "cors": "^2.8.5",
      "dotenv": "^8.2.0",
      "express": "^4.17.1",
      "jsonwebtoken": "^8.5.1",
      "mongoose": "^5.8.1",
      "morgan": "^1.9.1",
      "multer": "^1.4.2",
      "nodemon": "^2.0.2"
    },
    "devDependencies": {
      "jest": "^25.1.0"
    }
  }

yarn manifest: 
  No manifest

Lockfile: 
  No lockfile
